The system is: Linux - 4.15.0-109-generic - i686
Compiling the C compiler identification source file "CMakeCCompilerId.c" succeeded.
Compiler: /usr/bin/cc 
Build flags: 
Id flags:  

The output was:
0


Compilation of the C compiler identification source "CMakeCCompilerId.c" produced "a.out"

The C compiler identification is GNU, found in "/home/geek-tn/Desktop/STM32-with-no-IDE/stlink/CMakeFiles/3.17.3/CompilerIdC/a.out"

Determining if the C compiler works passed with the following output:
Change Dir: /home/geek-tn/Desktop/STM32-with-no-IDE/stlink/CMakeFiles/CMakeTmp

Run Build Command(s):/usr/bin/make cmTC_a4d60/fast && /usr/bin/make  -f CMakeFiles/cmTC_a4d60.dir/build.make CMakeFiles/cmTC_a4d60.dir/build
make[1]: Entering directory '/home/geek-tn/Desktop/STM32-with-no-IDE/stlink/CMakeFiles/CMakeTmp'
Building C object CMakeFiles/cmTC_a4d60.dir/testCCompiler.c.o
/usr/bin/cc    -o CMakeFiles/cmTC_a4d60.dir/testCCompiler.c.o   -c /home/geek-tn/Desktop/STM32-with-no-IDE/stlink/CMakeFiles/CMakeTmp/testCCompiler.c
Linking C executable cmTC_a4d60
/usr/local/bin/cmake -E cmake_link_script CMakeFiles/cmTC_a4d60.dir/link.txt --verbose=1
/usr/bin/cc      CMakeFiles/cmTC_a4d60.dir/testCCompiler.c.o  -o cmTC_a4d60 
make[1]: Leaving directory '/home/geek-tn/Desktop/STM32-with-no-IDE/stlink/CMakeFiles/CMakeTmp'



Detecting C compiler ABI info compiled with the following output:
Change Dir: /home/geek-tn/Desktop/STM32-with-no-IDE/stlink/CMakeFiles/CMakeTmp

Run Build Command(s):/usr/bin/make cmTC_5abf7/fast && /usr/bin/make  -f CMakeFiles/cmTC_5abf7.dir/build.make CMakeFiles/cmTC_5abf7.dir/build
make[1]: Entering directory '/home/geek-tn/Desktop/STM32-with-no-IDE/stlink/CMakeFiles/CMakeTmp'
Building C object CMakeFiles/cmTC_5abf7.dir/CMakeCCompilerABI.c.o
/usr/bin/cc   -v -o CMakeFiles/cmTC_5abf7.dir/CMakeCCompilerABI.c.o   -c /usr/local/share/cmake-3.17/Modules/CMakeCCompilerABI.c
Using built-in specs.
COLLECT_GCC=/usr/bin/cc
Target: i686-linux-gnu
Configured with: ../src/configure -v --with-pkgversion='Ubuntu 7.5.0-3ubuntu1~18.04' --with-bugurl=file:///usr/share/doc/gcc-7/README.Bugs --enable-languages=c,ada,c++,go,brig,d,fortran,objc,obj-c++ --prefix=/usr --with-gcc-major-version-only --program-suffix=-7 --program-prefix=i686-linux-gnu- --enable-shared --enable-linker-build-id --libexecdir=/usr/lib --without-included-gettext --enable-threads=posix --libdir=/usr/lib --enable-nls --enable-clocale=gnu --enable-libstdcxx-debug --enable-libstdcxx-time=yes --with-default-libstdcxx-abi=new --enable-gnu-unique-object --disable-vtable-verify --enable-libmpx --enable-plugin --enable-default-pie --with-system-zlib --with-target-system-zlib --enable-objc-gc=auto --enable-targets=all --enable-multiarch --disable-werror --with-arch-32=i686 --with-multilib-list=m32,m64,mx32 --enable-multilib --with-tune=generic --enable-checking=release --build=i686-linux-gnu --host=i686-linux-gnu --target=i686-linux-gnu
Thread model: posix
gcc version 7.5.0 (Ubuntu 7.5.0-3ubuntu1~18.04) 
COLLECT_GCC_OPTIONS='-v' '-o' 'CMakeFiles/cmTC_5abf7.dir/CMakeCCompilerABI.c.o' '-c' '-mtune=generic' '-march=i686'
 /usr/lib/gcc/i686-linux-gnu/7/cc1 -quiet -v -imultiarch i386-linux-gnu /usr/local/share/cmake-3.17/Modules/CMakeCCompilerABI.c -quiet -dumpbase CMakeCCompilerABI.c -mtune=generic -march=i686 -auxbase-strip CMakeFiles/cmTC_5abf7.dir/CMakeCCompilerABI.c.o -version -fstack-protector-strong -Wformat -Wformat-security -o /tmp/ccpshH9w.s
GNU C11 (Ubuntu 7.5.0-3ubuntu1~18.04) version 7.5.0 (i686-linux-gnu)
	compiled by GNU C version 7.5.0, GMP version 6.1.2, MPFR version 4.0.1, MPC version 1.1.0, isl version isl-0.19-GMP

GGC heuristics: --param ggc-min-expand=100 --param ggc-min-heapsize=131072
ignoring nonexistent directory "/usr/local/include/i386-linux-gnu"
ignoring nonexistent directory "/usr/lib/gcc/i686-linux-gnu/7/../../../../i686-linux-gnu/include"
#include "..." search starts here:
#include <...> search starts here:
 /usr/lib/gcc/i686-linux-gnu/7/include
 /usr/local/include
 /usr/lib/gcc/i686-linux-gnu/7/include-fixed
 /usr/include/i386-linux-gnu
 /usr/include
End of search list.
GNU C11 (Ubuntu 7.5.0-3ubuntu1~18.04) version 7.5.0 (i686-linux-gnu)
	compiled by GNU C version 7.5.0, GMP version 6.1.2, MPFR version 4.0.1, MPC version 1.1.0, isl version isl-0.19-GMP

GGC heuristics: --param ggc-min-expand=100 --param ggc-min-heapsize=131072
Compiler executable checksum: ea6fba11a03c0f5614e7653e9daaf939
COLLECT_GCC_OPTIONS='-v' '-o' 'CMakeFiles/cmTC_5abf7.dir/CMakeCCompilerABI.c.o' '-c' '-mtune=generic' '-march=i686'
 as -v --32 -o CMakeFiles/cmTC_5abf7.dir/CMakeCCompilerABI.c.o /tmp/ccpshH9w.s
GNU assembler version 2.30 (i686-linux-gnu) using BFD version (GNU Binutils for Ubuntu) 2.30
COMPILER_PATH=/usr/lib/gcc/i686-linux-gnu/7/:/usr/lib/gcc/i686-linux-gnu/7/:/usr/lib/gcc/i686-linux-gnu/:/usr/lib/gcc/i686-linux-gnu/7/:/usr/lib/gcc/i686-linux-gnu/
LIBRARY_PATH=/usr/lib/gcc/i686-linux-gnu/7/:/usr/lib/gcc/i686-linux-gnu/7/../../../i386-linux-gnu/:/usr/lib/gcc/i686-linux-gnu/7/../../../../lib/:/lib/i386-linux-gnu/:/lib/../lib/:/usr/lib/i386-linux-gnu/:/usr/lib/../lib/:/usr/lib/gcc/i686-linux-gnu/7/../../../:/lib/:/usr/lib/
COLLECT_GCC_OPTIONS='-v' '-o' 'CMakeFiles/cmTC_5abf7.dir/CMakeCCompilerABI.c.o' '-c' '-mtune=generic' '-march=i686'
Linking C executable cmTC_5abf7
/usr/local/bin/cmake -E cmake_link_script CMakeFiles/cmTC_5abf7.dir/link.txt --verbose=1
/usr/bin/cc     -v CMakeFiles/cmTC_5abf7.dir/CMakeCCompilerABI.c.o  -o cmTC_5abf7 
Using built-in specs.
COLLECT_GCC=/usr/bin/cc
COLLECT_LTO_WRAPPER=/usr/lib/gcc/i686-linux-gnu/7/lto-wrapper
Target: i686-linux-gnu
Configured with: ../src/configure -v --with-pkgversion='Ubuntu 7.5.0-3ubuntu1~18.04' --with-bugurl=file:///usr/share/doc/gcc-7/README.Bugs --enable-languages=c,ada,c++,go,brig,d,fortran,objc,obj-c++ --prefix=/usr --with-gcc-major-version-only --program-suffix=-7 --program-prefix=i686-linux-gnu- --enable-shared --enable-linker-build-id --libexecdir=/usr/lib --without-included-gettext --enable-threads=posix --libdir=/usr/lib --enable-nls --enable-clocale=gnu --enable-libstdcxx-debug --enable-libstdcxx-time=yes --with-default-libstdcxx-abi=new --enable-gnu-unique-object --disable-vtable-verify --enable-libmpx --enable-plugin --enable-default-pie --with-system-zlib --with-target-system-zlib --enable-objc-gc=auto --enable-targets=all --enable-multiarch --disable-werror --with-arch-32=i686 --with-multilib-list=m32,m64,mx32 --enable-multilib --with-tune=generic --enable-checking=release --build=i686-linux-gnu --host=i686-linux-gnu --target=i686-linux-gnu
Thread model: posix
gcc version 7.5.0 (Ubuntu 7.5.0-3ubuntu1~18.04) 
COMPILER_PATH=/usr/lib/gcc/i686-linux-gnu/7/:/usr/lib/gcc/i686-linux-gnu/7/:/usr/lib/gcc/i686-linux-gnu/:/usr/lib/gcc/i686-linux-gnu/7/:/usr/lib/gcc/i686-linux-gnu/
LIBRARY_PATH=/usr/lib/gcc/i686-linux-gnu/7/:/usr/lib/gcc/i686-linux-gnu/7/../../../i386-linux-gnu/:/usr/lib/gcc/i686-linux-gnu/7/../../../../lib/:/lib/i386-linux-gnu/:/lib/../lib/:/usr/lib/i386-linux-gnu/:/usr/lib/../lib/:/usr/lib/gcc/i686-linux-gnu/7/../../../:/lib/:/usr/lib/
COLLECT_GCC_OPTIONS='-v' '-o' 'cmTC_5abf7' '-mtune=generic' '-march=i686'
 /usr/lib/gcc/i686-linux-gnu/7/collect2 -plugin /usr/lib/gcc/i686-linux-gnu/7/liblto_plugin.so -plugin-opt=/usr/lib/gcc/i686-linux-gnu/7/lto-wrapper -plugin-opt=-fresolution=/tmp/cc6bElmG.res -plugin-opt=-pass-through=-lgcc -plugin-opt=-pass-through=-lgcc_s -plugin-opt=-pass-through=-lc -plugin-opt=-pass-through=-lgcc -plugin-opt=-pass-through=-lgcc_s --build-id --eh-frame-hdr -m elf_i386 --hash-style=gnu --as-needed -dynamic-linker /lib/ld-linux.so.2 -pie -z now -z relro -o cmTC_5abf7 /usr/lib/gcc/i686-linux-gnu/7/../../../i386-linux-gnu/Scrt1.o /usr/lib/gcc/i686-linux-gnu/7/../../../i386-linux-gnu/crti.o /usr/lib/gcc/i686-linux-gnu/7/crtbeginS.o -L/usr/lib/gcc/i686-linux-gnu/7 -L/usr/lib/gcc/i686-linux-gnu/7/../../../i386-linux-gnu -L/usr/lib/gcc/i686-linux-gnu/7/../../../../lib -L/lib/i386-linux-gnu -L/lib/../lib -L/usr/lib/i386-linux-gnu -L/usr/lib/../lib -L/usr/lib/gcc/i686-linux-gnu/7/../../.. CMakeFiles/cmTC_5abf7.dir/CMakeCCompilerABI.c.o -lgcc --push-state --as-needed -lgcc_s --pop-state -lc -lgcc --push-state --as-needed -lgcc_s --pop-state /usr/lib/gcc/i686-linux-gnu/7/crtendS.o /usr/lib/gcc/i686-linux-gnu/7/../../../i386-linux-gnu/crtn.o
COLLECT_GCC_OPTIONS='-v' '-o' 'cmTC_5abf7' '-mtune=generic' '-march=i686'
make[1]: Leaving directory '/home/geek-tn/Desktop/STM32-with-no-IDE/stlink/CMakeFiles/CMakeTmp'



Parsed C implicit include dir info from above output: rv=done
  found start of include info
  found start of implicit include info
    add: [/usr/lib/gcc/i686-linux-gnu/7/include]
    add: [/usr/local/include]
    add: [/usr/lib/gcc/i686-linux-gnu/7/include-fixed]
    add: [/usr/include/i386-linux-gnu]
    add: [/usr/include]
  end of search list found
  collapse include dir [/usr/lib/gcc/i686-linux-gnu/7/include] ==> [/usr/lib/gcc/i686-linux-gnu/7/include]
  collapse include dir [/usr/local/include] ==> [/usr/local/include]
  collapse include dir [/usr/lib/gcc/i686-linux-gnu/7/include-fixed] ==> [/usr/lib/gcc/i686-linux-gnu/7/include-fixed]
  collapse include dir [/usr/include/i386-linux-gnu] ==> [/usr/include/i386-linux-gnu]
  collapse include dir [/usr/include] ==> [/usr/include]
  implicit include dirs: [/usr/lib/gcc/i686-linux-gnu/7/include;/usr/local/include;/usr/lib/gcc/i686-linux-gnu/7/include-fixed;/usr/include/i386-linux-gnu;/usr/include]


Parsed C implicit link information from above output:
  link line regex: [^( *|.*[/\])(ld|CMAKE_LINK_STARTFILE-NOTFOUND|([^/\]+-)?ld|collect2)[^/\]*( |$)]
  ignore line: [Change Dir: /home/geek-tn/Desktop/STM32-with-no-IDE/stlink/CMakeFiles/CMakeTmp]
  ignore line: []
  ignore line: [Run Build Command(s):/usr/bin/make cmTC_5abf7/fast && /usr/bin/make  -f CMakeFiles/cmTC_5abf7.dir/build.make CMakeFiles/cmTC_5abf7.dir/build]
  ignore line: [make[1]: Entering directory '/home/geek-tn/Desktop/STM32-with-no-IDE/stlink/CMakeFiles/CMakeTmp']
  ignore line: [Building C object CMakeFiles/cmTC_5abf7.dir/CMakeCCompilerABI.c.o]
  ignore line: [/usr/bin/cc   -v -o CMakeFiles/cmTC_5abf7.dir/CMakeCCompilerABI.c.o   -c /usr/local/share/cmake-3.17/Modules/CMakeCCompilerABI.c]
  ignore line: [Using built-in specs.]
  ignore line: [COLLECT_GCC=/usr/bin/cc]
  ignore line: [Target: i686-linux-gnu]
  ignore line: [Configured with: ../src/configure -v --with-pkgversion='Ubuntu 7.5.0-3ubuntu1~18.04' --with-bugurl=file:///usr/share/doc/gcc-7/README.Bugs --enable-languages=c ada c++ go brig d fortran objc obj-c++ --prefix=/usr --with-gcc-major-version-only --program-suffix=-7 --program-prefix=i686-linux-gnu- --enable-shared --enable-linker-build-id --libexecdir=/usr/lib --without-included-gettext --enable-threads=posix --libdir=/usr/lib --enable-nls --enable-clocale=gnu --enable-libstdcxx-debug --enable-libstdcxx-time=yes --with-default-libstdcxx-abi=new --enable-gnu-unique-object --disable-vtable-verify --enable-libmpx --enable-plugin --enable-default-pie --with-system-zlib --with-target-system-zlib --enable-objc-gc=auto --enable-targets=all --enable-multiarch --disable-werror --with-arch-32=i686 --with-multilib-list=m32 m64 mx32 --enable-multilib --with-tune=generic --enable-checking=release --build=i686-linux-gnu --host=i686-linux-gnu --target=i686-linux-gnu]
  ignore line: [Thread model: posix]
  ignore line: [gcc version 7.5.0 (Ubuntu 7.5.0-3ubuntu1~18.04) ]
  ignore line: [COLLECT_GCC_OPTIONS='-v' '-o' 'CMakeFiles/cmTC_5abf7.dir/CMakeCCompilerABI.c.o' '-c' '-mtune=generic' '-march=i686']
  ignore line: [ /usr/lib/gcc/i686-linux-gnu/7/cc1 -quiet -v -imultiarch i386-linux-gnu /usr/local/share/cmake-3.17/Modules/CMakeCCompilerABI.c -quiet -dumpbase CMakeCCompilerABI.c -mtune=generic -march=i686 -auxbase-strip CMakeFiles/cmTC_5abf7.dir/CMakeCCompilerABI.c.o -version -fstack-protector-strong -Wformat -Wformat-security -o /tmp/ccpshH9w.s]
  ignore line: [GNU C11 (Ubuntu 7.5.0-3ubuntu1~18.04) version 7.5.0 (i686-linux-gnu)]
  ignore line: [	compiled by GNU C version 7.5.0  GMP version 6.1.2  MPFR version 4.0.1  MPC version 1.1.0  isl version isl-0.19-GMP]
  ignore line: []
  ignore line: [GGC heuristics: --param ggc-min-expand=100 --param ggc-min-heapsize=131072]
  ignore line: [ignoring nonexistent directory "/usr/local/include/i386-linux-gnu"]
  ignore line: [ignoring nonexistent directory "/usr/lib/gcc/i686-linux-gnu/7/../../../../i686-linux-gnu/include"]
  ignore line: [#include "..." search starts here:]
  ignore line: [#include <...> search starts here:]
  ignore line: [ /usr/lib/gcc/i686-linux-gnu/7/include]
  ignore line: [ /usr/local/include]
  ignore line: [ /usr/lib/gcc/i686-linux-gnu/7/include-fixed]
  ignore line: [ /usr/include/i386-linux-gnu]
  ignore line: [ /usr/include]
  ignore line: [End of search list.]
  ignore line: [GNU C11 (Ubuntu 7.5.0-3ubuntu1~18.04) version 7.5.0 (i686-linux-gnu)]
  ignore line: [	compiled by GNU C version 7.5.0  GMP version 6.1.2  MPFR version 4.0.1  MPC version 1.1.0  isl version isl-0.19-GMP]
  ignore line: []
  ignore line: [GGC heuristics: --param ggc-min-expand=100 --param ggc-min-heapsize=131072]
  ignore line: [Compiler executable checksum: ea6fba11a03c0f5614e7653e9daaf939]
  ignore line: [COLLECT_GCC_OPTIONS='-v' '-o' 'CMakeFiles/cmTC_5abf7.dir/CMakeCCompilerABI.c.o' '-c' '-mtune=generic' '-march=i686']
  ignore line: [ as -v --32 -o CMakeFiles/cmTC_5abf7.dir/CMakeCCompilerABI.c.o /tmp/ccpshH9w.s]
  ignore line: [GNU assembler version 2.30 (i686-linux-gnu) using BFD version (GNU Binutils for Ubuntu) 2.30]
  ignore line: [COMPILER_PATH=/usr/lib/gcc/i686-linux-gnu/7/:/usr/lib/gcc/i686-linux-gnu/7/:/usr/lib/gcc/i686-linux-gnu/:/usr/lib/gcc/i686-linux-gnu/7/:/usr/lib/gcc/i686-linux-gnu/]
  ignore line: [LIBRARY_PATH=/usr/lib/gcc/i686-linux-gnu/7/:/usr/lib/gcc/i686-linux-gnu/7/../../../i386-linux-gnu/:/usr/lib/gcc/i686-linux-gnu/7/../../../../lib/:/lib/i386-linux-gnu/:/lib/../lib/:/usr/lib/i386-linux-gnu/:/usr/lib/../lib/:/usr/lib/gcc/i686-linux-gnu/7/../../../:/lib/:/usr/lib/]
  ignore line: [COLLECT_GCC_OPTIONS='-v' '-o' 'CMakeFiles/cmTC_5abf7.dir/CMakeCCompilerABI.c.o' '-c' '-mtune=generic' '-march=i686']
  ignore line: [Linking C executable cmTC_5abf7]
  ignore line: [/usr/local/bin/cmake -E cmake_link_script CMakeFiles/cmTC_5abf7.dir/link.txt --verbose=1]
  ignore line: [/usr/bin/cc     -v CMakeFiles/cmTC_5abf7.dir/CMakeCCompilerABI.c.o  -o cmTC_5abf7 ]
  ignore line: [Using built-in specs.]
  ignore line: [COLLECT_GCC=/usr/bin/cc]
  ignore line: [COLLECT_LTO_WRAPPER=/usr/lib/gcc/i686-linux-gnu/7/lto-wrapper]
  ignore line: [Target: i686-linux-gnu]
  ignore line: [Configured with: ../src/configure -v --with-pkgversion='Ubuntu 7.5.0-3ubuntu1~18.04' --with-bugurl=file:///usr/share/doc/gcc-7/README.Bugs --enable-languages=c ada c++ go brig d fortran objc obj-c++ --prefix=/usr --with-gcc-major-version-only --program-suffix=-7 --program-prefix=i686-linux-gnu- --enable-shared --enable-linker-build-id --libexecdir=/usr/lib --without-included-gettext --enable-threads=posix --libdir=/usr/lib --enable-nls --enable-clocale=gnu --enable-libstdcxx-debug --enable-libstdcxx-time=yes --with-default-libstdcxx-abi=new --enable-gnu-unique-object --disable-vtable-verify --enable-libmpx --enable-plugin --enable-default-pie --with-system-zlib --with-target-system-zlib --enable-objc-gc=auto --enable-targets=all --enable-multiarch --disable-werror --with-arch-32=i686 --with-multilib-list=m32 m64 mx32 --enable-multilib --with-tune=generic --enable-checking=release --build=i686-linux-gnu --host=i686-linux-gnu --target=i686-linux-gnu]
  ignore line: [Thread model: posix]
  ignore line: [gcc version 7.5.0 (Ubuntu 7.5.0-3ubuntu1~18.04) ]
  ignore line: [COMPILER_PATH=/usr/lib/gcc/i686-linux-gnu/7/:/usr/lib/gcc/i686-linux-gnu/7/:/usr/lib/gcc/i686-linux-gnu/:/usr/lib/gcc/i686-linux-gnu/7/:/usr/lib/gcc/i686-linux-gnu/]
  ignore line: [LIBRARY_PATH=/usr/lib/gcc/i686-linux-gnu/7/:/usr/lib/gcc/i686-linux-gnu/7/../../../i386-linux-gnu/:/usr/lib/gcc/i686-linux-gnu/7/../../../../lib/:/lib/i386-linux-gnu/:/lib/../lib/:/usr/lib/i386-linux-gnu/:/usr/lib/../lib/:/usr/lib/gcc/i686-linux-gnu/7/../../../:/lib/:/usr/lib/]
  ignore line: [COLLECT_GCC_OPTIONS='-v' '-o' 'cmTC_5abf7' '-mtune=generic' '-march=i686']
  link line: [ /usr/lib/gcc/i686-linux-gnu/7/collect2 -plugin /usr/lib/gcc/i686-linux-gnu/7/liblto_plugin.so -plugin-opt=/usr/lib/gcc/i686-linux-gnu/7/lto-wrapper -plugin-opt=-fresolution=/tmp/cc6bElmG.res -plugin-opt=-pass-through=-lgcc -plugin-opt=-pass-through=-lgcc_s -plugin-opt=-pass-through=-lc -plugin-opt=-pass-through=-lgcc -plugin-opt=-pass-through=-lgcc_s --build-id --eh-frame-hdr -m elf_i386 --hash-style=gnu --as-needed -dynamic-linker /lib/ld-linux.so.2 -pie -z now -z relro -o cmTC_5abf7 /usr/lib/gcc/i686-linux-gnu/7/../../../i386-linux-gnu/Scrt1.o /usr/lib/gcc/i686-linux-gnu/7/../../../i386-linux-gnu/crti.o /usr/lib/gcc/i686-linux-gnu/7/crtbeginS.o -L/usr/lib/gcc/i686-linux-gnu/7 -L/usr/lib/gcc/i686-linux-gnu/7/../../../i386-linux-gnu -L/usr/lib/gcc/i686-linux-gnu/7/../../../../lib -L/lib/i386-linux-gnu -L/lib/../lib -L/usr/lib/i386-linux-gnu -L/usr/lib/../lib -L/usr/lib/gcc/i686-linux-gnu/7/../../.. CMakeFiles/cmTC_5abf7.dir/CMakeCCompilerABI.c.o -lgcc --push-state --as-needed -lgcc_s --pop-state -lc -lgcc --push-state --as-needed -lgcc_s --pop-state /usr/lib/gcc/i686-linux-gnu/7/crtendS.o /usr/lib/gcc/i686-linux-gnu/7/../../../i386-linux-gnu/crtn.o]
    arg [/usr/lib/gcc/i686-linux-gnu/7/collect2] ==> ignore
    arg [-plugin] ==> ignore
    arg [/usr/lib/gcc/i686-linux-gnu/7/liblto_plugin.so] ==> ignore
    arg [-plugin-opt=/usr/lib/gcc/i686-linux-gnu/7/lto-wrapper] ==> ignore
    arg [-plugin-opt=-fresolution=/tmp/cc6bElmG.res] ==> ignore
    arg [-plugin-opt=-pass-through=-lgcc] ==> ignore
    arg [-plugin-opt=-pass-through=-lgcc_s] ==> ignore
    arg [-plugin-opt=-pass-through=-lc] ==> ignore
    arg [-plugin-opt=-pass-through=-lgcc] ==> ignore
    arg [-plugin-opt=-pass-through=-lgcc_s] ==> ignore
    arg [--build-id] ==> ignore
    arg [--eh-frame-hdr] ==> ignore
    arg [-m] ==> ignore
    arg [elf_i386] ==> ignore
    arg [--hash-style=gnu] ==> ignore
    arg [--as-needed] ==> ignore
    arg [-dynamic-linker] ==> ignore
    arg [/lib/ld-linux.so.2] ==> ignore
    arg [-pie] ==> ignore
    arg [-znow] ==> ignore
    arg [-zrelro] ==> ignore
    arg [-o] ==> ignore
    arg [cmTC_5abf7] ==> ignore
    arg [/usr/lib/gcc/i686-linux-gnu/7/../../../i386-linux-gnu/Scrt1.o] ==> ignore
    arg [/usr/lib/gcc/i686-linux-gnu/7/../../../i386-linux-gnu/crti.o] ==> ignore
    arg [/usr/lib/gcc/i686-linux-gnu/7/crtbeginS.o] ==> ignore
    arg [-L/usr/lib/gcc/i686-linux-gnu/7] ==> dir [/usr/lib/gcc/i686-linux-gnu/7]
    arg [-L/usr/lib/gcc/i686-linux-gnu/7/../../../i386-linux-gnu] ==> dir [/usr/lib/gcc/i686-linux-gnu/7/../../../i386-linux-gnu]
    arg [-L/usr/lib/gcc/i686-linux-gnu/7/../../../../lib] ==> dir [/usr/lib/gcc/i686-linux-gnu/7/../../../../lib]
    arg [-L/lib/i386-linux-gnu] ==> dir [/lib/i386-linux-gnu]
    arg [-L/lib/../lib] ==> dir [/lib/../lib]
    arg [-L/usr/lib/i386-linux-gnu] ==> dir [/usr/lib/i386-linux-gnu]
    arg [-L/usr/lib/../lib] ==> dir [/usr/lib/../lib]
    arg [-L/usr/lib/gcc/i686-linux-gnu/7/../../..] ==> dir [/usr/lib/gcc/i686-linux-gnu/7/../../..]
    arg [CMakeFiles/cmTC_5abf7.dir/CMakeCCompilerABI.c.o] ==> ignore
    arg [-lgcc] ==> lib [gcc]
    arg [--push-state] ==> ignore
    arg [--as-needed] ==> ignore
    arg [-lgcc_s] ==> lib [gcc_s]
    arg [--pop-state] ==> ignore
    arg [-lc] ==> lib [c]
    arg [-lgcc] ==> lib [gcc]
    arg [--push-state] ==> ignore
    arg [--as-needed] ==> ignore
    arg [-lgcc_s] ==> lib [gcc_s]
    arg [--pop-state] ==> ignore
    arg [/usr/lib/gcc/i686-linux-gnu/7/crtendS.o] ==> ignore
    arg [/usr/lib/gcc/i686-linux-gnu/7/../../../i386-linux-gnu/crtn.o] ==> ignore
  collapse library dir [/usr/lib/gcc/i686-linux-gnu/7] ==> [/usr/lib/gcc/i686-linux-gnu/7]
  collapse library dir [/usr/lib/gcc/i686-linux-gnu/7/../../../i386-linux-gnu] ==> [/usr/lib/i386-linux-gnu]
  collapse library dir [/usr/lib/gcc/i686-linux-gnu/7/../../../../lib] ==> [/usr/lib]
  collapse library dir [/lib/i386-linux-gnu] ==> [/lib/i386-linux-gnu]
  collapse library dir [/lib/../lib] ==> [/lib]
  collapse library dir [/usr/lib/i386-linux-gnu] ==> [/usr/lib/i386-linux-gnu]
  collapse library dir [/usr/lib/../lib] ==> [/usr/lib]
  collapse library dir [/usr/lib/gcc/i686-linux-gnu/7/../../..] ==> [/usr/lib]
  implicit libs: [gcc;gcc_s;c;gcc;gcc_s]
  implicit dirs: [/usr/lib/gcc/i686-linux-gnu/7;/usr/lib/i386-linux-gnu;/usr/lib;/lib/i386-linux-gnu;/lib]
  implicit fwks: []


Performing C SOURCE FILE Test C_SUPPORTS_STD_GNU11 succeeded with the following output:
Change Dir: /home/geek-tn/Desktop/STM32-with-no-IDE/stlink/CMakeFiles/CMakeTmp

Run Build Command(s):/usr/bin/make cmTC_8f766/fast && /usr/bin/make  -f CMakeFiles/cmTC_8f766.dir/build.make CMakeFiles/cmTC_8f766.dir/build
make[1]: Entering directory '/home/geek-tn/Desktop/STM32-with-no-IDE/stlink/CMakeFiles/CMakeTmp'
Building C object CMakeFiles/cmTC_8f766.dir/src.c.o
/usr/bin/cc   -DC_SUPPORTS_STD_GNU11   -std=gnu11 -o CMakeFiles/cmTC_8f766.dir/src.c.o   -c /home/geek-tn/Desktop/STM32-with-no-IDE/stlink/CMakeFiles/CMakeTmp/src.c
Linking C executable cmTC_8f766
/usr/local/bin/cmake -E cmake_link_script CMakeFiles/cmTC_8f766.dir/link.txt --verbose=1
/usr/bin/cc  -DC_SUPPORTS_STD_GNU11    CMakeFiles/cmTC_8f766.dir/src.c.o  -o cmTC_8f766 
make[1]: Leaving directory '/home/geek-tn/Desktop/STM32-with-no-IDE/stlink/CMakeFiles/CMakeTmp'


Source file was:
int main(void) { return 0; }
Performing C SOURCE FILE Test C_SUPPORTS_WALL succeeded with the following output:
Change Dir: /home/geek-tn/Desktop/STM32-with-no-IDE/stlink/CMakeFiles/CMakeTmp

Run Build Command(s):/usr/bin/make cmTC_7a4a1/fast && /usr/bin/make  -f CMakeFiles/cmTC_7a4a1.dir/build.make CMakeFiles/cmTC_7a4a1.dir/build
make[1]: Entering directory '/home/geek-tn/Desktop/STM32-with-no-IDE/stlink/CMakeFiles/CMakeTmp'
Building C object CMakeFiles/cmTC_7a4a1.dir/src.c.o
/usr/bin/cc   -std=gnu11 -DC_SUPPORTS_WALL   -Wall -o CMakeFiles/cmTC_7a4a1.dir/src.c.o   -c /home/geek-tn/Desktop/STM32-with-no-IDE/stlink/CMakeFiles/CMakeTmp/src.c
Linking C executable cmTC_7a4a1
/usr/local/bin/cmake -E cmake_link_script CMakeFiles/cmTC_7a4a1.dir/link.txt --verbose=1
/usr/bin/cc  -std=gnu11 -DC_SUPPORTS_WALL    CMakeFiles/cmTC_7a4a1.dir/src.c.o  -o cmTC_7a4a1 
make[1]: Leaving directory '/home/geek-tn/Desktop/STM32-with-no-IDE/stlink/CMakeFiles/CMakeTmp'


Source file was:
int main(void) { return 0; }
Performing C SOURCE FILE Test C_SUPPORTS_WEXTRA succeeded with the following output:
Change Dir: /home/geek-tn/Desktop/STM32-with-no-IDE/stlink/CMakeFiles/CMakeTmp

Run Build Command(s):/usr/bin/make cmTC_b5802/fast && /usr/bin/make  -f CMakeFiles/cmTC_b5802.dir/build.make CMakeFiles/cmTC_b5802.dir/build
make[1]: Entering directory '/home/geek-tn/Desktop/STM32-with-no-IDE/stlink/CMakeFiles/CMakeTmp'
Building C object CMakeFiles/cmTC_b5802.dir/src.c.o
/usr/bin/cc   -std=gnu11 -Wall -DC_SUPPORTS_WEXTRA   -Wextra -o CMakeFiles/cmTC_b5802.dir/src.c.o   -c /home/geek-tn/Desktop/STM32-with-no-IDE/stlink/CMakeFiles/CMakeTmp/src.c
Linking C executable cmTC_b5802
/usr/local/bin/cmake -E cmake_link_script CMakeFiles/cmTC_b5802.dir/link.txt --verbose=1
/usr/bin/cc  -std=gnu11 -Wall -DC_SUPPORTS_WEXTRA    CMakeFiles/cmTC_b5802.dir/src.c.o  -o cmTC_b5802 
make[1]: Leaving directory '/home/geek-tn/Desktop/STM32-with-no-IDE/stlink/CMakeFiles/CMakeTmp'


Source file was:
int main(void) { return 0; }
Performing C SOURCE FILE Test C_SUPPORTS_WSHADOW succeeded with the following output:
Change Dir: /home/geek-tn/Desktop/STM32-with-no-IDE/stlink/CMakeFiles/CMakeTmp

Run Build Command(s):/usr/bin/make cmTC_8a6a4/fast && /usr/bin/make  -f CMakeFiles/cmTC_8a6a4.dir/build.make CMakeFiles/cmTC_8a6a4.dir/build
make[1]: Entering directory '/home/geek-tn/Desktop/STM32-with-no-IDE/stlink/CMakeFiles/CMakeTmp'
Building C object CMakeFiles/cmTC_8a6a4.dir/src.c.o
/usr/bin/cc   -std=gnu11 -Wall -Wextra -DC_SUPPORTS_WSHADOW   -Wshadow -o CMakeFiles/cmTC_8a6a4.dir/src.c.o   -c /home/geek-tn/Desktop/STM32-with-no-IDE/stlink/CMakeFiles/CMakeTmp/src.c
Linking C executable cmTC_8a6a4
/usr/local/bin/cmake -E cmake_link_script CMakeFiles/cmTC_8a6a4.dir/link.txt --verbose=1
/usr/bin/cc  -std=gnu11 -Wall -Wextra -DC_SUPPORTS_WSHADOW    CMakeFiles/cmTC_8a6a4.dir/src.c.o  -o cmTC_8a6a4 
make[1]: Leaving directory '/home/geek-tn/Desktop/STM32-with-no-IDE/stlink/CMakeFiles/CMakeTmp'


Source file was:
int main(void) { return 0; }
Performing C SOURCE FILE Test C_SUPPORTS_D_FORTIFY_SOURCE_2 succeeded with the following output:
Change Dir: /home/geek-tn/Desktop/STM32-with-no-IDE/stlink/CMakeFiles/CMakeTmp

Run Build Command(s):/usr/bin/make cmTC_ee80a/fast && /usr/bin/make  -f CMakeFiles/cmTC_ee80a.dir/build.make CMakeFiles/cmTC_ee80a.dir/build
make[1]: Entering directory '/home/geek-tn/Desktop/STM32-with-no-IDE/stlink/CMakeFiles/CMakeTmp'
Building C object CMakeFiles/cmTC_ee80a.dir/src.c.o
/usr/bin/cc -D_FORTIFY_SOURCE=2  -std=gnu11 -Wall -Wextra -Wshadow -DC_SUPPORTS_D_FORTIFY_SOURCE_2   -o CMakeFiles/cmTC_ee80a.dir/src.c.o   -c /home/geek-tn/Desktop/STM32-with-no-IDE/stlink/CMakeFiles/CMakeTmp/src.c
Linking C executable cmTC_ee80a
/usr/local/bin/cmake -E cmake_link_script CMakeFiles/cmTC_ee80a.dir/link.txt --verbose=1
/usr/bin/cc  -std=gnu11 -Wall -Wextra -Wshadow -DC_SUPPORTS_D_FORTIFY_SOURCE_2    CMakeFiles/cmTC_ee80a.dir/src.c.o  -o cmTC_ee80a 
make[1]: Leaving directory '/home/geek-tn/Desktop/STM32-with-no-IDE/stlink/CMakeFiles/CMakeTmp'


Source file was:
int main(void) { return 0; }
Performing C SOURCE FILE Test C_SUPPORTS_FSTRICT_ALIASING succeeded with the following output:
Change Dir: /home/geek-tn/Desktop/STM32-with-no-IDE/stlink/CMakeFiles/CMakeTmp

Run Build Command(s):/usr/bin/make cmTC_1c962/fast && /usr/bin/make  -f CMakeFiles/cmTC_1c962.dir/build.make CMakeFiles/cmTC_1c962.dir/build
make[1]: Entering directory '/home/geek-tn/Desktop/STM32-with-no-IDE/stlink/CMakeFiles/CMakeTmp'
Building C object CMakeFiles/cmTC_1c962.dir/src.c.o
/usr/bin/cc   -std=gnu11 -Wall -Wextra -Wshadow -D_FORTIFY_SOURCE=2 -DC_SUPPORTS_FSTRICT_ALIASING   -fstrict-aliasing -o CMakeFiles/cmTC_1c962.dir/src.c.o   -c /home/geek-tn/Desktop/STM32-with-no-IDE/stlink/CMakeFiles/CMakeTmp/src.c
Linking C executable cmTC_1c962
/usr/local/bin/cmake -E cmake_link_script CMakeFiles/cmTC_1c962.dir/link.txt --verbose=1
/usr/bin/cc  -std=gnu11 -Wall -Wextra -Wshadow -D_FORTIFY_SOURCE=2 -DC_SUPPORTS_FSTRICT_ALIASING    CMakeFiles/cmTC_1c962.dir/src.c.o  -o cmTC_1c962 
make[1]: Leaving directory '/home/geek-tn/Desktop/STM32-with-no-IDE/stlink/CMakeFiles/CMakeTmp'


Source file was:
int main(void) { return 0; }
Performing C SOURCE FILE Test C_SUPPORTS_WUNDEF succeeded with the following output:
Change Dir: /home/geek-tn/Desktop/STM32-with-no-IDE/stlink/CMakeFiles/CMakeTmp

Run Build Command(s):/usr/bin/make cmTC_7d021/fast && /usr/bin/make  -f CMakeFiles/cmTC_7d021.dir/build.make CMakeFiles/cmTC_7d021.dir/build
make[1]: Entering directory '/home/geek-tn/Desktop/STM32-with-no-IDE/stlink/CMakeFiles/CMakeTmp'
Building C object CMakeFiles/cmTC_7d021.dir/src.c.o
/usr/bin/cc   -std=gnu11 -Wall -Wextra -Wshadow -D_FORTIFY_SOURCE=2 -fstrict-aliasing -DC_SUPPORTS_WUNDEF   -Wundef -o CMakeFiles/cmTC_7d021.dir/src.c.o   -c /home/geek-tn/Desktop/STM32-with-no-IDE/stlink/CMakeFiles/CMakeTmp/src.c
Linking C executable cmTC_7d021
/usr/local/bin/cmake -E cmake_link_script CMakeFiles/cmTC_7d021.dir/link.txt --verbose=1
/usr/bin/cc  -std=gnu11 -Wall -Wextra -Wshadow -D_FORTIFY_SOURCE=2 -fstrict-aliasing -DC_SUPPORTS_WUNDEF    CMakeFiles/cmTC_7d021.dir/src.c.o  -o cmTC_7d021 
make[1]: Leaving directory '/home/geek-tn/Desktop/STM32-with-no-IDE/stlink/CMakeFiles/CMakeTmp'


Source file was:
int main(void) { return 0; }
Performing C SOURCE FILE Test C_SUPPORTS_WFORMAT succeeded with the following output:
Change Dir: /home/geek-tn/Desktop/STM32-with-no-IDE/stlink/CMakeFiles/CMakeTmp

Run Build Command(s):/usr/bin/make cmTC_214e9/fast && /usr/bin/make  -f CMakeFiles/cmTC_214e9.dir/build.make CMakeFiles/cmTC_214e9.dir/build
make[1]: Entering directory '/home/geek-tn/Desktop/STM32-with-no-IDE/stlink/CMakeFiles/CMakeTmp'
Building C object CMakeFiles/cmTC_214e9.dir/src.c.o
/usr/bin/cc   -std=gnu11 -Wall -Wextra -Wshadow -D_FORTIFY_SOURCE=2 -fstrict-aliasing -Wundef -DC_SUPPORTS_WFORMAT   -Wformat -o CMakeFiles/cmTC_214e9.dir/src.c.o   -c /home/geek-tn/Desktop/STM32-with-no-IDE/stlink/CMakeFiles/CMakeTmp/src.c
Linking C executable cmTC_214e9
/usr/local/bin/cmake -E cmake_link_script CMakeFiles/cmTC_214e9.dir/link.txt --verbose=1
/usr/bin/cc  -std=gnu11 -Wall -Wextra -Wshadow -D_FORTIFY_SOURCE=2 -fstrict-aliasing -Wundef -DC_SUPPORTS_WFORMAT    CMakeFiles/cmTC_214e9.dir/src.c.o  -o cmTC_214e9 
make[1]: Leaving directory '/home/geek-tn/Desktop/STM32-with-no-IDE/stlink/CMakeFiles/CMakeTmp'


Source file was:
int main(void) { return 0; }
Performing C SOURCE FILE Test C_SUPPORTS_WFORMAT_SECURITY succeeded with the following output:
Change Dir: /home/geek-tn/Desktop/STM32-with-no-IDE/stlink/CMakeFiles/CMakeTmp

Run Build Command(s):/usr/bin/make cmTC_95794/fast && /usr/bin/make  -f CMakeFiles/cmTC_95794.dir/build.make CMakeFiles/cmTC_95794.dir/build
make[1]: Entering directory '/home/geek-tn/Desktop/STM32-with-no-IDE/stlink/CMakeFiles/CMakeTmp'
Building C object CMakeFiles/cmTC_95794.dir/src.c.o
/usr/bin/cc   -std=gnu11 -Wall -Wextra -Wshadow -D_FORTIFY_SOURCE=2 -fstrict-aliasing -Wundef -Wformat -DC_SUPPORTS_WFORMAT_SECURITY   -Wformat-security -o CMakeFiles/cmTC_95794.dir/src.c.o   -c /home/geek-tn/Desktop/STM32-with-no-IDE/stlink/CMakeFiles/CMakeTmp/src.c
Linking C executable cmTC_95794
/usr/local/bin/cmake -E cmake_link_script CMakeFiles/cmTC_95794.dir/link.txt --verbose=1
/usr/bin/cc  -std=gnu11 -Wall -Wextra -Wshadow -D_FORTIFY_SOURCE=2 -fstrict-aliasing -Wundef -Wformat -DC_SUPPORTS_WFORMAT_SECURITY    CMakeFiles/cmTC_95794.dir/src.c.o  -o cmTC_95794 
make[1]: Leaving directory '/home/geek-tn/Desktop/STM32-with-no-IDE/stlink/CMakeFiles/CMakeTmp'


Source file was:
int main(void) { return 0; }
Performing C SOURCE FILE Test C_SUPPORTS_WMAYBE_UNINITIALIZED succeeded with the following output:
Change Dir: /home/geek-tn/Desktop/STM32-with-no-IDE/stlink/CMakeFiles/CMakeTmp

Run Build Command(s):/usr/bin/make cmTC_df053/fast && /usr/bin/make  -f CMakeFiles/cmTC_df053.dir/build.make CMakeFiles/cmTC_df053.dir/build
make[1]: Entering directory '/home/geek-tn/Desktop/STM32-with-no-IDE/stlink/CMakeFiles/CMakeTmp'
Building C object CMakeFiles/cmTC_df053.dir/src.c.o
/usr/bin/cc   -std=gnu11 -Wall -Wextra -Wshadow -D_FORTIFY_SOURCE=2 -fstrict-aliasing -Wundef -Wformat -Wformat-security -DC_SUPPORTS_WMAYBE_UNINITIALIZED   -Wmaybe-uninitialized -o CMakeFiles/cmTC_df053.dir/src.c.o   -c /home/geek-tn/Desktop/STM32-with-no-IDE/stlink/CMakeFiles/CMakeTmp/src.c
Linking C executable cmTC_df053
/usr/local/bin/cmake -E cmake_link_script CMakeFiles/cmTC_df053.dir/link.txt --verbose=1
/usr/bin/cc  -std=gnu11 -Wall -Wextra -Wshadow -D_FORTIFY_SOURCE=2 -fstrict-aliasing -Wundef -Wformat -Wformat-security -DC_SUPPORTS_WMAYBE_UNINITIALIZED    CMakeFiles/cmTC_df053.dir/src.c.o  -o cmTC_df053 
make[1]: Leaving directory '/home/geek-tn/Desktop/STM32-with-no-IDE/stlink/CMakeFiles/CMakeTmp'


Source file was:
int main(void) { return 0; }
Performing C SOURCE FILE Test C_SUPPORTS_WIMPLICIT_FUNCTION_DECLARATION succeeded with the following output:
Change Dir: /home/geek-tn/Desktop/STM32-with-no-IDE/stlink/CMakeFiles/CMakeTmp

Run Build Command(s):/usr/bin/make cmTC_19e57/fast && /usr/bin/make  -f CMakeFiles/cmTC_19e57.dir/build.make CMakeFiles/cmTC_19e57.dir/build
make[1]: Entering directory '/home/geek-tn/Desktop/STM32-with-no-IDE/stlink/CMakeFiles/CMakeTmp'
Building C object CMakeFiles/cmTC_19e57.dir/src.c.o
/usr/bin/cc   -std=gnu11 -Wall -Wextra -Wshadow -D_FORTIFY_SOURCE=2 -fstrict-aliasing -Wundef -Wformat -Wformat-security -Wmaybe-uninitialized -DC_SUPPORTS_WIMPLICIT_FUNCTION_DECLARATION   -Wimplicit-function-declaration -o CMakeFiles/cmTC_19e57.dir/src.c.o   -c /home/geek-tn/Desktop/STM32-with-no-IDE/stlink/CMakeFiles/CMakeTmp/src.c
Linking C executable cmTC_19e57
/usr/local/bin/cmake -E cmake_link_script CMakeFiles/cmTC_19e57.dir/link.txt --verbose=1
/usr/bin/cc  -std=gnu11 -Wall -Wextra -Wshadow -D_FORTIFY_SOURCE=2 -fstrict-aliasing -Wundef -Wformat -Wformat-security -Wmaybe-uninitialized -DC_SUPPORTS_WIMPLICIT_FUNCTION_DECLARATION    CMakeFiles/cmTC_19e57.dir/src.c.o  -o cmTC_19e57 
make[1]: Leaving directory '/home/geek-tn/Desktop/STM32-with-no-IDE/stlink/CMakeFiles/CMakeTmp'


Source file was:
int main(void) { return 0; }
Performing C SOURCE FILE Test C_SUPPORTS_WREDUNDANT_DECLS succeeded with the following output:
Change Dir: /home/geek-tn/Desktop/STM32-with-no-IDE/stlink/CMakeFiles/CMakeTmp

Run Build Command(s):/usr/bin/make cmTC_98c3f/fast && /usr/bin/make  -f CMakeFiles/cmTC_98c3f.dir/build.make CMakeFiles/cmTC_98c3f.dir/build
make[1]: Entering directory '/home/geek-tn/Desktop/STM32-with-no-IDE/stlink/CMakeFiles/CMakeTmp'
Building C object CMakeFiles/cmTC_98c3f.dir/src.c.o
/usr/bin/cc   -std=gnu11 -Wall -Wextra -Wshadow -D_FORTIFY_SOURCE=2 -fstrict-aliasing -Wundef -Wformat -Wformat-security -Wmaybe-uninitialized -Wimplicit-function-declaration -DC_SUPPORTS_WREDUNDANT_DECLS   -Wredundant-decls -o CMakeFiles/cmTC_98c3f.dir/src.c.o   -c /home/geek-tn/Desktop/STM32-with-no-IDE/stlink/CMakeFiles/CMakeTmp/src.c
Linking C executable cmTC_98c3f
/usr/local/bin/cmake -E cmake_link_script CMakeFiles/cmTC_98c3f.dir/link.txt --verbose=1
/usr/bin/cc  -std=gnu11 -Wall -Wextra -Wshadow -D_FORTIFY_SOURCE=2 -fstrict-aliasing -Wundef -Wformat -Wformat-security -Wmaybe-uninitialized -Wimplicit-function-declaration -DC_SUPPORTS_WREDUNDANT_DECLS    CMakeFiles/cmTC_98c3f.dir/src.c.o  -o cmTC_98c3f 
make[1]: Leaving directory '/home/geek-tn/Desktop/STM32-with-no-IDE/stlink/CMakeFiles/CMakeTmp'


Source file was:
int main(void) { return 0; }
Performing C SOURCE FILE Test C_SUPPORTS_FPIC succeeded with the following output:
Change Dir: /home/geek-tn/Desktop/STM32-with-no-IDE/stlink/CMakeFiles/CMakeTmp

Run Build Command(s):/usr/bin/make cmTC_6f92e/fast && /usr/bin/make  -f CMakeFiles/cmTC_6f92e.dir/build.make CMakeFiles/cmTC_6f92e.dir/build
make[1]: Entering directory '/home/geek-tn/Desktop/STM32-with-no-IDE/stlink/CMakeFiles/CMakeTmp'
Building C object CMakeFiles/cmTC_6f92e.dir/src.c.o
/usr/bin/cc   -std=gnu11 -Wall -Wextra -Wshadow -D_FORTIFY_SOURCE=2 -fstrict-aliasing -Wundef -Wformat -Wformat-security -Wmaybe-uninitialized -Wimplicit-function-declaration -Wredundant-decls -DC_SUPPORTS_FPIC   -fPIC -o CMakeFiles/cmTC_6f92e.dir/src.c.o   -c /home/geek-tn/Desktop/STM32-with-no-IDE/stlink/CMakeFiles/CMakeTmp/src.c
Linking C executable cmTC_6f92e
/usr/local/bin/cmake -E cmake_link_script CMakeFiles/cmTC_6f92e.dir/link.txt --verbose=1
/usr/bin/cc  -std=gnu11 -Wall -Wextra -Wshadow -D_FORTIFY_SOURCE=2 -fstrict-aliasing -Wundef -Wformat -Wformat-security -Wmaybe-uninitialized -Wimplicit-function-declaration -Wredundant-decls -DC_SUPPORTS_FPIC    CMakeFiles/cmTC_6f92e.dir/src.c.o  -o cmTC_6f92e 
make[1]: Leaving directory '/home/geek-tn/Desktop/STM32-with-no-IDE/stlink/CMakeFiles/CMakeTmp'


Source file was:
int main(void) { return 0; }
Performing C SOURCE FILE Test C_SUPPORTS_O2 succeeded with the following output:
Change Dir: /home/geek-tn/Desktop/STM32-with-no-IDE/stlink/CMakeFiles/CMakeTmp

Run Build Command(s):/usr/bin/make cmTC_d4c14/fast && /usr/bin/make  -f CMakeFiles/cmTC_d4c14.dir/build.make CMakeFiles/cmTC_d4c14.dir/build
make[1]: Entering directory '/home/geek-tn/Desktop/STM32-with-no-IDE/stlink/CMakeFiles/CMakeTmp'
Building C object CMakeFiles/cmTC_d4c14.dir/src.c.o
/usr/bin/cc   -std=gnu11 -Wall -Wextra -Wshadow -D_FORTIFY_SOURCE=2 -fstrict-aliasing -Wundef -Wformat -Wformat-security -Wmaybe-uninitialized -Wimplicit-function-declaration -Wredundant-decls -fPIC -DC_SUPPORTS_O2   -O2 -o CMakeFiles/cmTC_d4c14.dir/src.c.o   -c /home/geek-tn/Desktop/STM32-with-no-IDE/stlink/CMakeFiles/CMakeTmp/src.c
Linking C executable cmTC_d4c14
/usr/local/bin/cmake -E cmake_link_script CMakeFiles/cmTC_d4c14.dir/link.txt --verbose=1
/usr/bin/cc  -std=gnu11 -Wall -Wextra -Wshadow -D_FORTIFY_SOURCE=2 -fstrict-aliasing -Wundef -Wformat -Wformat-security -Wmaybe-uninitialized -Wimplicit-function-declaration -Wredundant-decls -fPIC -DC_SUPPORTS_O2    CMakeFiles/cmTC_d4c14.dir/src.c.o  -o cmTC_d4c14 
make[1]: Leaving directory '/home/geek-tn/Desktop/STM32-with-no-IDE/stlink/CMakeFiles/CMakeTmp'


Source file was:
int main(void) { return 0; }
Performing C SOURCE FILE Test C_SUPPORTS_WERROR succeeded with the following output:
Change Dir: /home/geek-tn/Desktop/STM32-with-no-IDE/stlink/CMakeFiles/CMakeTmp

Run Build Command(s):/usr/bin/make cmTC_797d5/fast && /usr/bin/make  -f CMakeFiles/cmTC_797d5.dir/build.make CMakeFiles/cmTC_797d5.dir/build
make[1]: Entering directory '/home/geek-tn/Desktop/STM32-with-no-IDE/stlink/CMakeFiles/CMakeTmp'
Building C object CMakeFiles/cmTC_797d5.dir/src.c.o
/usr/bin/cc   -std=gnu11 -Wall -Wextra -Wshadow -D_FORTIFY_SOURCE=2 -fstrict-aliasing -Wundef -Wformat -Wformat-security -Wmaybe-uninitialized -Wimplicit-function-declaration -Wredundant-decls -fPIC -O2 -DC_SUPPORTS_WERROR   -Werror -o CMakeFiles/cmTC_797d5.dir/src.c.o   -c /home/geek-tn/Desktop/STM32-with-no-IDE/stlink/CMakeFiles/CMakeTmp/src.c
Linking C executable cmTC_797d5
/usr/local/bin/cmake -E cmake_link_script CMakeFiles/cmTC_797d5.dir/link.txt --verbose=1
/usr/bin/cc  -std=gnu11 -Wall -Wextra -Wshadow -D_FORTIFY_SOURCE=2 -fstrict-aliasing -Wundef -Wformat -Wformat-security -Wmaybe-uninitialized -Wimplicit-function-declaration -Wredundant-decls -fPIC -O2 -DC_SUPPORTS_WERROR    CMakeFiles/cmTC_797d5.dir/src.c.o  -o cmTC_797d5 
make[1]: Leaving directory '/home/geek-tn/Desktop/STM32-with-no-IDE/stlink/CMakeFiles/CMakeTmp'


Source file was:
int main(void) { return 0; }
Determining if the include file sys/mman.h exists passed with the following output:
Change Dir: /home/geek-tn/Desktop/STM32-with-no-IDE/stlink/CMakeFiles/CMakeTmp

Run Build Command(s):/usr/bin/make cmTC_542b5/fast && /usr/bin/make  -f CMakeFiles/cmTC_542b5.dir/build.make CMakeFiles/cmTC_542b5.dir/build
make[1]: Entering directory '/home/geek-tn/Desktop/STM32-with-no-IDE/stlink/CMakeFiles/CMakeTmp'
Building C object CMakeFiles/cmTC_542b5.dir/CheckIncludeFile.c.o
/usr/bin/cc   -std=gnu11 -Wall -Wextra -Wshadow -D_FORTIFY_SOURCE=2 -fstrict-aliasing -Wundef -Wformat -Wformat-security -Wmaybe-uninitialized -Wimplicit-function-declaration -Wredundant-decls -fPIC -O2 -Werror    -o CMakeFiles/cmTC_542b5.dir/CheckIncludeFile.c.o   -c /home/geek-tn/Desktop/STM32-with-no-IDE/stlink/CMakeFiles/CMakeTmp/CheckIncludeFile.c
Linking C executable cmTC_542b5
/usr/local/bin/cmake -E cmake_link_script CMakeFiles/cmTC_542b5.dir/link.txt --verbose=1
/usr/bin/cc  -std=gnu11 -Wall -Wextra -Wshadow -D_FORTIFY_SOURCE=2 -fstrict-aliasing -Wundef -Wformat -Wformat-security -Wmaybe-uninitialized -Wimplicit-function-declaration -Wredundant-decls -fPIC -O2 -Werror     CMakeFiles/cmTC_542b5.dir/CheckIncludeFile.c.o  -o cmTC_542b5 
make[1]: Leaving directory '/home/geek-tn/Desktop/STM32-with-no-IDE/stlink/CMakeFiles/CMakeTmp'



Determining if the include file unistd.h exists passed with the following output:
Change Dir: /home/geek-tn/Desktop/STM32-with-no-IDE/stlink/CMakeFiles/CMakeTmp

Run Build Command(s):/usr/bin/make cmTC_658a0/fast && /usr/bin/make  -f CMakeFiles/cmTC_658a0.dir/build.make CMakeFiles/cmTC_658a0.dir/build
make[1]: Entering directory '/home/geek-tn/Desktop/STM32-with-no-IDE/stlink/CMakeFiles/CMakeTmp'
Building C object CMakeFiles/cmTC_658a0.dir/CheckIncludeFile.c.o
/usr/bin/cc   -std=gnu11 -Wall -Wextra -Wshadow -D_FORTIFY_SOURCE=2 -fstrict-aliasing -Wundef -Wformat -Wformat-security -Wmaybe-uninitialized -Wimplicit-function-declaration -Wredundant-decls -fPIC -O2 -Werror    -o CMakeFiles/cmTC_658a0.dir/CheckIncludeFile.c.o   -c /home/geek-tn/Desktop/STM32-with-no-IDE/stlink/CMakeFiles/CMakeTmp/CheckIncludeFile.c
Linking C executable cmTC_658a0
/usr/local/bin/cmake -E cmake_link_script CMakeFiles/cmTC_658a0.dir/link.txt --verbose=1
/usr/bin/cc  -std=gnu11 -Wall -Wextra -Wshadow -D_FORTIFY_SOURCE=2 -fstrict-aliasing -Wundef -Wformat -Wformat-security -Wmaybe-uninitialized -Wimplicit-function-declaration -Wredundant-decls -fPIC -O2 -Werror     CMakeFiles/cmTC_658a0.dir/CheckIncludeFile.c.o  -o cmTC_658a0 
make[1]: Leaving directory '/home/geek-tn/Desktop/STM32-with-no-IDE/stlink/CMakeFiles/CMakeTmp'



